# JRE version: Java(TM) SE Runtime Environment (8.0_112-b15) (build 1.8.0_112-b15)
# Java VM: Java HotSpot(TM) 64-Bit Server VM (25.112-b15 mixed mode linux-amd64 compressed oops)
Heap:
 PSYoungGen      total 1372672K, used 656833K [0x000000076ab00000, 0x00000007c0000000, 0x00000007c0000000)
  eden space 1347584K, 47% used [0x000000076ab00000,0x00000007917270a0,0x00000007bcf00000)
  from space 25088K, 86% used [0x00000007bcf00000,0x00000007be4495d8,0x00000007be780000)
  to   space 25088K, 0% used [0x00000007be780000,0x00000007be780000,0x00000007c0000000)
 ParOldGen       total 142336K, used 92299K [0x00000006c0000000, 0x00000006c8b00000, 0x000000076ab00000)
  object space 142336K, 64% used [0x00000006c0000000,0x00000006c5a22c38,0x00000006c8b00000)
 Metaspace       used 90978K, capacity 99130K, committed 99404K, reserved 1134592K
  class space    used 10892K, capacity 13286K, committed 13388K, reserved 1048576K
GC Heap History (10 events):
Event: 6639.891 GC heap before
{Heap before GC invocations=697 (full 6):
 PSYoungGen      total 1372672K, used 1368242K [0x000000076ab00000, 0x00000007c0000000, 0x00000007c0000000)
  eden space 1347584K, 99% used [0x000000076ab00000,0x00000007bcc25748,0x00000007bcf00000)
  from space 25088K, 93% used [0x00000007be780000,0x00000007bfe872e0,0x00000007c0000000)
  to   space 25088K, 0% used [0x00000007bcf00000,0x00000007bcf00000,0x00000007be780000)
 ParOldGen       total 142336K, used 92203K [0x00000006c0000000, 0x00000006c8b00000, 0x000000076ab00000)
  object space 142336K, 64% used [0x00000006c0000000,0x00000006c5a0ac38,0x00000006c8b00000)
 Metaspace       used 85397K, capacity 93126K, committed 93388K, reserved 1130496K
  class space    used 10369K, capacity 12711K, committed 12748K, reserved 1048576K
Event: 6639.896 GC heap after
Heap after GC invocations=697 (full 6):
 PSYoungGen      total 1371648K, used 23600K [0x000000076ab00000, 0x00000007bff00000, 0x00000007c0000000)
  eden space 1347584K, 0% used [0x000000076ab00000,0x000000076ab00000,0x00000007bcf00000)
  from space 24064K, 98% used [0x00000007bcf00000,0x00000007be60c038,0x00000007be680000)
  to   space 24576K, 0% used [0x00000007be700000,0x00000007be700000,0x00000007bff00000)
 ParOldGen       total 142336K, used 92219K [0x00000006c0000000, 0x00000006c8b00000, 0x000000076ab00000)
  object space 142336K, 64% used [0x00000006c0000000,0x00000006c5a0ec38,0x00000006c8b00000)
 Metaspace       used 85397K, capacity 93126K, committed 93388K, reserved 1130496K
  class space    used 10369K, capacity 12711K, committed 12748K, reserved 1048576K
}
Event: 6640.314 GC heap before
{Heap before GC invocations=698 (full 6):
 PSYoungGen      total 1371648K, used 1369618K [0x000000076ab00000, 0x00000007bff00000, 0x00000007c0000000)
  eden space 1347584K, 99% used [0x000000076ab00000,0x00000007bcd78ad0,0x00000007bcf00000)
  from space 24064K, 98% used [0x00000007bcf00000,0x00000007be60c038,0x00000007be680000)
  to   space 24576K, 0% used [0x00000007be700000,0x00000007be700000,0x00000007bff00000)
 ParOldGen       total 142336K, used 92219K [0x00000006c0000000, 0x00000006c8b00000, 0x000000076ab00000)
  object space 142336K, 64% used [0x00000006c0000000,0x00000006c5a0ec38,0x00000006c8b00000)
 Metaspace       used 85397K, capacity 93126K, committed 93388K, reserved 1130496K
  class space    used 10369K, capacity 12711K, committed 12748K, reserved 1048576K
Event: 6640.319 GC heap after
Heap after GC invocations=698 (full 6):
 PSYoungGen      total 1372160K, used 23652K [0x000000076ab00000, 0x00000007c0000000, 0x00000007c0000000)
  eden space 1347584K, 0% used [0x000000076ab00000,0x000000076ab00000,0x00000007bcf00000)
  from space 24576K, 96% used [0x00000007be700000,0x00000007bfe19058,0x00000007bff00000)
  to   space 24576K, 0% used [0x00000007bcf00000,0x00000007bcf00000,0x00000007be700000)
 ParOldGen       total 142336K, used 92243K [0x00000006c0000000, 0x00000006c8b00000, 0x000000076ab00000)
  object space 142336K, 64% used [0x00000006c0000000,0x00000006c5a14c38,0x00000006c8b00000)
 Metaspace       used 85397K, capacity 93126K, committed 93388K, reserved 1130496K
  class space    used 10369K, capacity 12711K, committed 12748K, reserved 1048576K
}
Event: 6640.732 GC heap before
{Heap before GC invocations=699 (full 6):
 PSYoungGen      total 1372160K, used 1370410K [0x000000076ab00000, 0x00000007c0000000, 0x00000007c0000000)
  eden space 1347584K, 99% used [0x000000076ab00000,0x00000007bce31ae0,0x00000007bcf00000)
  from space 24576K, 96% used [0x00000007be700000,0x00000007bfe19058,0x00000007bff00000)
  to   space 24576K, 0% used [0x00000007bcf00000,0x00000007bcf00000,0x00000007be700000)
 ParOldGen       total 142336K, used 92243K [0x00000006c0000000, 0x00000006c8b00000, 0x000000076ab00000)
  object space 142336K, 64% used [0x00000006c0000000,0x00000006c5a14c38,0x00000006c8b00000)
 Metaspace       used 85397K, capacity 93126K, committed 93388K, reserved 1130496K
  class space    used 10369K, capacity 12711K, committed 12748K, reserved 1048576K
Event: 6640.737 GC heap after
Heap after GC invocations=699 (full 6):
 PSYoungGen      total 1372160K, used 23639K [0x000000076ab00000, 0x00000007c0000000, 0x00000007c0000000)
  eden space 1347584K, 0% used [0x000000076ab00000,0x000000076ab00000,0x00000007bcf00000)
  from space 24576K, 96% used [0x00000007bcf00000,0x00000007be615dc0,0x00000007be700000)
  to   space 24576K, 0% used [0x00000007be800000,0x00000007be800000,0x00000007c0000000)
 ParOldGen       total 142336K, used 92251K [0x00000006c0000000, 0x00000006c8b00000, 0x000000076ab00000)
  object space 142336K, 64% used [0x00000006c0000000,0x00000006c5a16c38,0x00000006c8b00000)
 Metaspace       used 85397K, capacity 93126K, committed 93388K, reserved 1130496K
  class space    used 10369K, capacity 12711K, committed 12748K, reserved 1048576K
}
Event: 7531.241 GC heap before
{Heap before GC invocations=700 (full 6):
 PSYoungGen      total 1372160K, used 1371223K [0x000000076ab00000, 0x00000007c0000000, 0x00000007c0000000)
  eden space 1347584K, 100% used [0x000000076ab00000,0x00000007bcf00000,0x00000007bcf00000)
  from space 24576K, 96% used [0x00000007bcf00000,0x00000007be615dc0,0x00000007be700000)
  to   space 24576K, 0% used [0x00000007be800000,0x00000007be800000,0x00000007c0000000)
 ParOldGen       total 142336K, used 92251K [0x00000006c0000000, 0x00000006c8b00000, 0x000000076ab00000)
  object space 142336K, 64% used [0x00000006c0000000,0x00000006c5a16c38,0x00000006c8b00000)
 Metaspace       used 87254K, capacity 94938K, committed 95308K, reserved 1132544K
  class space    used 10525K, capacity 12845K, committed 12876K, reserved 1048576K
Event: 7531.250 GC heap after
Heap after GC invocations=700 (full 6):
 PSYoungGen      total 1372160K, used 20508K [0x000000076ab00000, 0x00000007c0000000, 0x00000007c0000000)
  eden space 1347584K, 0% used [0x000000076ab00000,0x000000076ab00000,0x00000007bcf00000)
  from space 24576K, 83% used [0x00000007be800000,0x00000007bfc07210,0x00000007c0000000)
  to   space 25088K, 0% used [0x00000007bcf00000,0x00000007bcf00000,0x00000007be780000)
 ParOldGen       total 142336K, used 92267K [0x00000006c0000000, 0x00000006c8b00000, 0x000000076ab00000)
  object space 142336K, 64% used [0x00000006c0000000,0x00000006c5a1ac38,0x00000006c8b00000)
 Metaspace       used 87254K, capacity 94938K, committed 95308K, reserved 1132544K
  class space    used 10525K, capacity 12845K, committed 12876K, reserved 1048576K
}
Event: 8780.810 GC heap before
{Heap before GC invocations=701 (full 6):
 PSYoungGen      total 1372160K, used 1368092K [0x000000076ab00000, 0x00000007c0000000, 0x00000007c0000000)
  eden space 1347584K, 100% used [0x000000076ab00000,0x00000007bcf00000,0x00000007bcf00000)
  from space 24576K, 83% used [0x00000007be800000,0x00000007bfc07210,0x00000007c0000000)
  to   space 25088K, 0% used [0x00000007bcf00000,0x00000007bcf00000,0x00000007be780000)
 ParOldGen       total 142336K, used 92267K [0x00000006c0000000, 0x00000006c8b00000, 0x000000076ab00000)
  object space 142336K, 64% used [0x00000006c0000000,0x00000006c5a1ac38,0x00000006c8b00000)
 Metaspace       used 89126K, capacity 96984K, committed 97228K, reserved 1134592K
  class space    used 10645K, capacity 12950K, committed 13004K, reserved 1048576K
Event: 8780.821 GC heap after
Heap after GC invocations=701 (full 6):
 PSYoungGen      total 1372672K, used 21797K [0x000000076ab00000, 0x00000007c0000000, 0x00000007c0000000)
  eden space 1347584K, 0% used [0x000000076ab00000,0x000000076ab00000,0x00000007bcf00000)
  from space 25088K, 86% used [0x00000007bcf00000,0x00000007be4495d8,0x00000007be780000)
  to   space 25088K, 0% used [0x00000007be780000,0x00000007be780000,0x00000007c0000000)
 ParOldGen       total 142336K, used 92299K [0x00000006c0000000, 0x00000006c8b00000, 0x000000076ab00000)
  object space 142336K, 64% used [0x00000006c0000000,0x00000006c5a22c38,0x00000006c8b00000)
 Metaspace       used 89126K, capacity 96984K, committed 97228K, reserved 1134592K
  class space    used 10645K, capacity 12950K, committed 13004K, reserved 1048576K
}

